<?xml version="1.0" encoding="UTF-8"?>
<!-- Generated by org.testng.reporters.JUnitReportReporter -->
<testsuite hostname="LTIN211276" failures="0" tests="5" name="TestCases.TC_003_GiftCards" time="161.606" errors="0" timestamp="2024-02-14T11:43:39 IST" skipped="0">
  <testcase classname="TestCases.TC_003_GiftCards" name="searchbookshelves" time="43.932"/>
  <testcase classname="TestCases.TC_003_GiftCards" name="Items" time="15.692"/>
  <testcase classname="TestCases.TC_003_GiftCards" name="ClickGiftCards" time="68.965"/>
  <testcase classname="TestCases.TC_003_GiftCards" name="GetErrorMsg" time="13.158"/>
  <testcase classname="TestCases.TC_003_GiftCards" name="ValidateDetails" time="19.859"/>
</testsuite> <!-- TestCases.TC_003_GiftCards -->
